This is pdfTeX, Version 3.1415926-2.5-1.40.14 (TeX Live 2013) (format=pdflatex 2017.1.17)  18 JAN 2017 17:50
entering extended mode
 restricted \write18 enabled.
 %&-line parsing enabled.
**bthesis_astro.tex
(./bthesis_astro.tex
LaTeX2e <2011/06/27>
Babel <v3.8m> and hyphenation patterns for english, dumylang, nohyphenation, uk
rainian, russian, bulgarian, loaded.
(./GAUBM_astro.cls
Document Class: GAUBM_astro 2011/08/29 Vorlage fuer Abschlussarbeit Astrophysik

(/usr/share/texlive/texmf-dist/tex/latex/koma-script/scrbook.cls
Document Class: scrbook 2012/07/29 v3.11b KOMA-Script document class (book)
(/usr/share/texlive/texmf-dist/tex/latex/koma-script/scrkbase.sty
Package: scrkbase 2012/07/29 v3.11b KOMA-Script package (KOMA-Script-dependent 
basics and keyval usage)

(/usr/share/texlive/texmf-dist/tex/latex/koma-script/scrbase.sty
Package: scrbase 2012/07/29 v3.11b KOMA-Script package (KOMA-Script-independent
 basics and keyval usage)

(/usr/share/texlive/texmf-dist/tex/latex/graphics/keyval.sty
Package: keyval 1999/03/16 v1.13 key=value parser (DPC)
\KV@toks@=\toks14
)
(/usr/share/texlive/texmf-dist/tex/latex/koma-script/scrlfile.sty
Package: scrlfile 2012/06/15 v3.12 KOMA-Script package (loading files)

Package scrlfile, 2012/06/15 v3.12 KOMA-Script package (loading files)
                  Copyright (C) Markus Kohm

))) (/usr/share/texlive/texmf-dist/tex/latex/koma-script/tocbasic.sty
Package: tocbasic 2012/04/04 v3.10b KOMA-Script package (handling toc-files)
)
Package tocbasic Info: omitting babel extension for `toc'
(tocbasic)             because of feature `nobabel' available
(tocbasic)             for `toc' on input line 117.
Package tocbasic Info: omitting babel extension for `lof'
(tocbasic)             because of feature `nobabel' available
(tocbasic)             for `lof' on input line 118.
Package tocbasic Info: omitting babel extension for `lot'
(tocbasic)             because of feature `nobabel' available
(tocbasic)             for `lot' on input line 119.
Package scrbook Info: You've used obsolete option `12pt'.
(scrbook)             \KOMAExecuteOptions{fontsize=12pt} will be
(scrbook)             used instead.
(scrbook)             You may simply replace `12pt'
(scrbook)             by `fontsize=12pt'.
Class scrbook Info: File `scrsize12pt.clo' used to setup font sizes on input li
ne 1368.

(/usr/share/texlive/texmf-dist/tex/latex/koma-script/scrsize12pt.clo
File: scrsize12pt.clo 2012/07/29 v3.11b KOMA-Script font size class option (12p
t)
)
(/usr/share/texlive/texmf-dist/tex/latex/koma-script/typearea.sty
Package: typearea 2012/07/29 v3.11b KOMA-Script package (type area)

Package typearea, 2012/07/29 v3.11b KOMA-Script package (type area)
                  Copyright (C) Frank Neukam, 1992-1994
                  Copyright (C) Markus Kohm, 1994-

\ta@bcor=\skip41
\ta@div=\count79
\ta@hblk=\skip42
\ta@vblk=\skip43
\ta@temp=\skip44
Package typearea Info: These are the values describing the layout:
(typearea)             DIV  = 12
(typearea)             BCOR = 28.45274pt
(typearea)             \paperwidth      = 597.50793pt
(typearea)              \textwidth      = 426.7914pt
(typearea)              DIV departure   = -1%
(typearea)              \evensidemargin = 22.57254pt
(typearea)              \oddsidemargin  = 3.60402pt
(typearea)             \paperheight     = 845.04694pt
(typearea)              \textheight     = 635.5pt
(typearea)              \topmargin      = -41.72441pt
(typearea)              \headheight     = 18.125pt
(typearea)              \headsep        = 21.75pt
(typearea)              \topskip        = 12.0pt
(typearea)              \footskip       = 50.75pt
(typearea)              \baselineskip   = 14.5pt
(typearea)              on input line 1213.
)
\c@part=\count80
\c@chapter=\count81
\c@section=\count82
\c@subsection=\count83
\c@subsubsection=\count84
\c@paragraph=\count85
\c@subparagraph=\count86
\abovecaptionskip=\skip45
\belowcaptionskip=\skip46
\c@pti@nb@sid@b@x=\box26
\c@figure=\count87
\c@table=\count88
\bibindent=\dimen102
) (/usr/share/texlive/texmf-dist/tex/latex/tools/calc.sty
Package: calc 2007/08/22 v4.3 Infix arithmetic (KKT,FJ)
\calc@Acount=\count89
\calc@Bcount=\count90
\calc@Adimen=\dimen103
\calc@Bdimen=\dimen104
\calc@Askip=\skip47
\calc@Bskip=\skip48
LaTeX Info: Redefining \setlength on input line 76.
LaTeX Info: Redefining \addtolength on input line 77.
\calc@Ccount=\count91
\calc@Cskip=\skip49
)
\c@@countbegin=\count92
\c@@countend=\count93
) (./aas_macros.sty) (/usr/share/texlive/texmf-dist/tex/latex/setspace/setspace
.sty
Package: setspace 2011/12/19 v6.7a set line spacing
)
(/usr/share/texlive/texmf-dist/tex/generic/babel/babel.sty
Package: babel 2008/07/08 v3.8m The Babel package

(/usr/share/texlive/texmf-dist/tex/generic/babel/ngermanb.ldf
Language: ngermanb 2008/07/06 v2.6n new German support from the babel system

(/usr/share/texlive/texmf-dist/tex/generic/babel/babel.def
File: babel.def 2008/07/08 v3.8m Babel common definitions
\babel@savecnt=\count94
\U@D=\dimen105
)

Package babel Warning: No hyphenation patterns were loaded for
(babel)                the language `ngerman'
(babel)                I will use the patterns loaded for \language=0 instead.

\l@ngerman = a dialect from \language0
\l@naustrian = a dialect from \language\l@ngerman 
Package babel Info: Making " an active character on input line 92.
) (/usr/share/texlive/texmf-dist/tex/generic/babel/english.ldf
Language: english 2005/03/30 v3.3o English support from the babel system
\l@british = a dialect from \language\l@english 
\l@UKenglish = a dialect from \language\l@english 
\l@canadian = a dialect from \language\l@american 
\l@australian = a dialect from \language\l@british 
\l@newzealand = a dialect from \language\l@british 
)
(/usr/share/texlive/texmf-dist/tex/generic/babel/germanb.ldf
Language: germanb 2008/06/01 v2.6m German support from the babel system


Package babel Warning: No hyphenation patterns were loaded for
(babel)                the language `German'
(babel)                I will use the patterns loaded for \language=0 instead.

\l@german = a dialect from \language0
\l@austrian = a dialect from \language\l@german 
)) (/usr/share/texlive/texmf-dist/tex/latex/base/fontenc.sty
Package: fontenc 2005/09/27 v1.99g Standard LaTeX package

(/usr/share/texlive/texmf-dist/tex/latex/base/t1enc.def
File: t1enc.def 2005/09/27 v1.99g Standard LaTeX file
LaTeX Font Info:    Redeclaring font encoding T1 on input line 43.
))
(/usr/share/texlive/texmf-dist/tex/latex/base/inputenc.sty
Package: inputenc 2008/03/30 v1.1d Input encoding file
\inpenc@prehook=\toks15
\inpenc@posthook=\toks16

(/usr/share/texlive/texmf-dist/tex/latex/base/latin1.def
File: latin1.def 2008/03/30 v1.1d Input encoding file
))
(/usr/share/texlive/texmf-dist/tex/latex/amsmath/amsmath.sty
Package: amsmath 2013/01/14 v2.14 AMS math features
\@mathmargin=\skip50

For additional information on amsmath, use the `?' option.
(/usr/share/texlive/texmf-dist/tex/latex/amsmath/amstext.sty
Package: amstext 2000/06/29 v2.01

(/usr/share/texlive/texmf-dist/tex/latex/amsmath/amsgen.sty
File: amsgen.sty 1999/11/30 v2.0
\@emptytoks=\toks17
\ex@=\dimen106
))
(/usr/share/texlive/texmf-dist/tex/latex/amsmath/amsbsy.sty
Package: amsbsy 1999/11/29 v1.2d
\pmbraise@=\dimen107
)
(/usr/share/texlive/texmf-dist/tex/latex/amsmath/amsopn.sty
Package: amsopn 1999/12/14 v2.01 operator names
)
\inf@bad=\count95
LaTeX Info: Redefining \frac on input line 210.
\uproot@=\count96
\leftroot@=\count97
LaTeX Info: Redefining \overline on input line 306.
\classnum@=\count98
\DOTSCASE@=\count99
LaTeX Info: Redefining \ldots on input line 378.
LaTeX Info: Redefining \dots on input line 381.
LaTeX Info: Redefining \cdots on input line 466.
\Mathstrutbox@=\box27
\strutbox@=\box28
\big@size=\dimen108
LaTeX Font Info:    Redeclaring font encoding OML on input line 566.
LaTeX Font Info:    Redeclaring font encoding OMS on input line 567.
\macc@depth=\count100
\c@MaxMatrixCols=\count101
\dotsspace@=\muskip10
\c@parentequation=\count102
\dspbrk@lvl=\count103
\tag@help=\toks18
\row@=\count104
\column@=\count105
\maxfields@=\count106
\andhelp@=\toks19
\eqnshift@=\dimen109
\alignsep@=\dimen110
\tagshift@=\dimen111
\tagwidth@=\dimen112
\totwidth@=\dimen113
\lineht@=\dimen114
\@envbody=\toks20
\multlinegap=\skip51
\multlinetaggap=\skip52
\mathdisplay@stack=\toks21
LaTeX Info: Redefining \[ on input line 2665.
LaTeX Info: Redefining \] on input line 2666.
)
(/usr/share/texlive/texmf-dist/tex/latex/amsfonts/amssymb.sty
Package: amssymb 2013/01/14 v3.01 AMS font symbols

(/usr/share/texlive/texmf-dist/tex/latex/amsfonts/amsfonts.sty
Package: amsfonts 2013/01/14 v3.01 Basic AMSFonts support
\symAMSa=\mathgroup4
\symAMSb=\mathgroup5
LaTeX Font Info:    Overwriting math alphabet `\mathfrak' in version `bold'
(Font)                  U/euf/m/n --> U/euf/b/n on input line 106.
))
(/usr/share/texlive/texmf-dist/tex/latex/lm/lmodern.sty
Package: lmodern 2009/10/30 v1.6 Latin Modern Fonts
LaTeX Font Info:    Overwriting symbol font `operators' in version `normal'
(Font)                  OT1/cmr/m/n --> OT1/lmr/m/n on input line 22.
LaTeX Font Info:    Overwriting symbol font `letters' in version `normal'
(Font)                  OML/cmm/m/it --> OML/lmm/m/it on input line 23.
LaTeX Font Info:    Overwriting symbol font `symbols' in version `normal'
(Font)                  OMS/cmsy/m/n --> OMS/lmsy/m/n on input line 24.
LaTeX Font Info:    Overwriting symbol font `largesymbols' in version `normal'
(Font)                  OMX/cmex/m/n --> OMX/lmex/m/n on input line 25.
LaTeX Font Info:    Overwriting symbol font `operators' in version `bold'
(Font)                  OT1/cmr/bx/n --> OT1/lmr/bx/n on input line 26.
LaTeX Font Info:    Overwriting symbol font `letters' in version `bold'
(Font)                  OML/cmm/b/it --> OML/lmm/b/it on input line 27.
LaTeX Font Info:    Overwriting symbol font `symbols' in version `bold'
(Font)                  OMS/cmsy/b/n --> OMS/lmsy/b/n on input line 28.
LaTeX Font Info:    Overwriting symbol font `largesymbols' in version `bold'
(Font)                  OMX/cmex/m/n --> OMX/lmex/m/n on input line 29.
LaTeX Font Info:    Overwriting math alphabet `\mathbf' in version `normal'
(Font)                  OT1/cmr/bx/n --> OT1/lmr/bx/n on input line 31.
LaTeX Font Info:    Overwriting math alphabet `\mathsf' in version `normal'
(Font)                  OT1/cmss/m/n --> OT1/lmss/m/n on input line 32.
LaTeX Font Info:    Overwriting math alphabet `\mathit' in version `normal'
(Font)                  OT1/cmr/m/it --> OT1/lmr/m/it on input line 33.
LaTeX Font Info:    Overwriting math alphabet `\mathtt' in version `normal'
(Font)                  OT1/cmtt/m/n --> OT1/lmtt/m/n on input line 34.
LaTeX Font Info:    Overwriting math alphabet `\mathbf' in version `bold'
(Font)                  OT1/cmr/bx/n --> OT1/lmr/bx/n on input line 35.
LaTeX Font Info:    Overwriting math alphabet `\mathsf' in version `bold'
(Font)                  OT1/cmss/bx/n --> OT1/lmss/bx/n on input line 36.
LaTeX Font Info:    Overwriting math alphabet `\mathit' in version `bold'
(Font)                  OT1/cmr/bx/it --> OT1/lmr/bx/it on input line 37.
LaTeX Font Info:    Overwriting math alphabet `\mathtt' in version `bold'
(Font)                  OT1/cmtt/m/n --> OT1/lmtt/m/n on input line 38.
)
(/usr/share/texlive/texmf-dist/tex/latex/natbib/natbib.sty
Package: natbib 2010/09/13 8.31b (PWD, AO)
\bibhang=\skip53
\bibsep=\skip54
LaTeX Info: Redefining \cite on input line 694.
\c@NAT@ctr=\count107
)
(/usr/share/texlive/texmf-dist/tex/latex/booktabs/booktabs.sty
Package: booktabs 2005/04/14 v1.61803 publication quality tables
\heavyrulewidth=\dimen115
\lightrulewidth=\dimen116
\cmidrulewidth=\dimen117
\belowrulesep=\dimen118
\belowbottomsep=\dimen119
\aboverulesep=\dimen120
\abovetopsep=\dimen121
\cmidrulesep=\dimen122
\cmidrulekern=\dimen123
\defaultaddspace=\dimen124
\@cmidla=\count108
\@cmidlb=\count109
\@aboverulesep=\dimen125
\@belowrulesep=\dimen126
\@thisruleclass=\count110
\@lastruleclass=\count111
\@thisrulewidth=\dimen127
)
(/usr/share/texlive/texmf-dist/tex/latex/tools/longtable.sty
Package: longtable 2004/02/01 v4.11 Multi-page Table package (DPC)
\LTleft=\skip55
\LTright=\skip56
\LTpre=\skip57
\LTpost=\skip58
\LTchunksize=\count112
\LTcapwidth=\dimen128
\LT@head=\box29
\LT@firsthead=\box30
\LT@foot=\box31
\LT@lastfoot=\box32
\LT@cols=\count113
\LT@rows=\count114
\c@LT@tables=\count115
\c@LT@chunks=\count116
\LT@p@ftn=\toks22
)
Class scrbook Info: longtable captions redefined on input line 53.

(/usr/share/texlive/texmf-dist/tex/latex/tools/array.sty
Package: array 2008/09/09 v2.4c Tabular extension package (FMi)
\col@sep=\dimen129
\extrarowheight=\dimen130
\NC@list=\toks23
\extratabsurround=\skip59
\backup@length=\skip60
)
(/usr/share/texlive/texmf-dist/tex/latex/base/textcomp.sty
Package: textcomp 2005/09/27 v1.99g Standard LaTeX package
Package textcomp Info: Sub-encoding information:
(textcomp)               5 = only ISO-Adobe without \textcurrency
(textcomp)               4 = 5 + \texteuro
(textcomp)               3 = 4 + \textohm
(textcomp)               2 = 3 + \textestimated + \textcurrency
(textcomp)               1 = TS1 - \textcircled - \t
(textcomp)               0 = TS1 (full)
(textcomp)             Font families with sub-encoding setting implement
(textcomp)             only a restricted character set as indicated.
(textcomp)             Family '?' is the default used for unknown fonts.
(textcomp)             See the documentation for details.
Package textcomp Info: Setting ? sub-encoding to TS1/1 on input line 71.

(/usr/share/texlive/texmf-dist/tex/latex/base/ts1enc.def
File: ts1enc.def 2001/06/05 v3.0e (jk/car/fm) Standard LaTeX file
)
LaTeX Info: Redefining \oldstylenums on input line 266.
Package textcomp Info: Setting cmr sub-encoding to TS1/0 on input line 281.
Package textcomp Info: Setting cmss sub-encoding to TS1/0 on input line 282.
Package textcomp Info: Setting cmtt sub-encoding to TS1/0 on input line 283.
Package textcomp Info: Setting cmvtt sub-encoding to TS1/0 on input line 284.
Package textcomp Info: Setting cmbr sub-encoding to TS1/0 on input line 285.
Package textcomp Info: Setting cmtl sub-encoding to TS1/0 on input line 286.
Package textcomp Info: Setting ccr sub-encoding to TS1/0 on input line 287.
Package textcomp Info: Setting ptm sub-encoding to TS1/4 on input line 288.
Package textcomp Info: Setting pcr sub-encoding to TS1/4 on input line 289.
Package textcomp Info: Setting phv sub-encoding to TS1/4 on input line 290.
Package textcomp Info: Setting ppl sub-encoding to TS1/3 on input line 291.
Package textcomp Info: Setting pag sub-encoding to TS1/4 on input line 292.
Package textcomp Info: Setting pbk sub-encoding to TS1/4 on input line 293.
Package textcomp Info: Setting pnc sub-encoding to TS1/4 on input line 294.
Package textcomp Info: Setting pzc sub-encoding to TS1/4 on input line 295.
Package textcomp Info: Setting bch sub-encoding to TS1/4 on input line 296.
Package textcomp Info: Setting put sub-encoding to TS1/5 on input line 297.
Package textcomp Info: Setting uag sub-encoding to TS1/5 on input line 298.
Package textcomp Info: Setting ugq sub-encoding to TS1/5 on input line 299.
Package textcomp Info: Setting ul8 sub-encoding to TS1/4 on input line 300.
Package textcomp Info: Setting ul9 sub-encoding to TS1/4 on input line 301.
Package textcomp Info: Setting augie sub-encoding to TS1/5 on input line 302.
Package textcomp Info: Setting dayrom sub-encoding to TS1/3 on input line 303.
Package textcomp Info: Setting dayroms sub-encoding to TS1/3 on input line 304.

Package textcomp Info: Setting pxr sub-encoding to TS1/0 on input line 305.
Package textcomp Info: Setting pxss sub-encoding to TS1/0 on input line 306.
Package textcomp Info: Setting pxtt sub-encoding to TS1/0 on input line 307.
Package textcomp Info: Setting txr sub-encoding to TS1/0 on input line 308.
Package textcomp Info: Setting txss sub-encoding to TS1/0 on input line 309.
Package textcomp Info: Setting txtt sub-encoding to TS1/0 on input line 310.
Package textcomp Info: Setting lmr sub-encoding to TS1/0 on input line 311.
Package textcomp Info: Setting lmdh sub-encoding to TS1/0 on input line 312.
Package textcomp Info: Setting lmss sub-encoding to TS1/0 on input line 313.
Package textcomp Info: Setting lmssq sub-encoding to TS1/0 on input line 314.
Package textcomp Info: Setting lmvtt sub-encoding to TS1/0 on input line 315.
Package textcomp Info: Setting qhv sub-encoding to TS1/0 on input line 316.
Package textcomp Info: Setting qag sub-encoding to TS1/0 on input line 317.
Package textcomp Info: Setting qbk sub-encoding to TS1/0 on input line 318.
Package textcomp Info: Setting qcr sub-encoding to TS1/0 on input line 319.
Package textcomp Info: Setting qcs sub-encoding to TS1/0 on input line 320.
Package textcomp Info: Setting qpl sub-encoding to TS1/0 on input line 321.
Package textcomp Info: Setting qtm sub-encoding to TS1/0 on input line 322.
Package textcomp Info: Setting qzc sub-encoding to TS1/0 on input line 323.
Package textcomp Info: Setting qhvc sub-encoding to TS1/0 on input line 324.
Package textcomp Info: Setting futs sub-encoding to TS1/4 on input line 325.
Package textcomp Info: Setting futx sub-encoding to TS1/4 on input line 326.
Package textcomp Info: Setting futj sub-encoding to TS1/4 on input line 327.
Package textcomp Info: Setting hlh sub-encoding to TS1/3 on input line 328.
Package textcomp Info: Setting hls sub-encoding to TS1/3 on input line 329.
Package textcomp Info: Setting hlst sub-encoding to TS1/3 on input line 330.
Package textcomp Info: Setting hlct sub-encoding to TS1/5 on input line 331.
Package textcomp Info: Setting hlx sub-encoding to TS1/5 on input line 332.
Package textcomp Info: Setting hlce sub-encoding to TS1/5 on input line 333.
Package textcomp Info: Setting hlcn sub-encoding to TS1/5 on input line 334.
Package textcomp Info: Setting hlcw sub-encoding to TS1/5 on input line 335.
Package textcomp Info: Setting hlcf sub-encoding to TS1/5 on input line 336.
Package textcomp Info: Setting pplx sub-encoding to TS1/3 on input line 337.
Package textcomp Info: Setting pplj sub-encoding to TS1/3 on input line 338.
Package textcomp Info: Setting ptmx sub-encoding to TS1/4 on input line 339.
Package textcomp Info: Setting ptmj sub-encoding to TS1/4 on input line 340.
) (./gensymb.sty
Package: gensymb 2003/07/02 v1.0 (WaS)
)
(./units.sty
Package: units 1998/08/04 v0.9b Typesetting units
 (/usr/share/texlive/texmf-dist/tex/latex/base/ifthen.sty
Package: ifthen 2001/05/26 v1.1c Standard LaTeX ifthen package (DPC)
)
(./nicefrac.sty
Package: nicefrac 1998/08/04 v0.9b Nice fractions
\L@UnitsRaiseDisplaystyle=\skip61
\L@UnitsRaiseTextstyle=\skip62
\L@UnitsRaiseScriptstyle=\skip63
))
(/usr/share/texlive/texmf-dist/tex/latex/multirow/multirow.sty
\bigstrutjot=\dimen131
)
(/usr/share/texlive/texmf-dist/tex/latex/graphics/lscape.sty
Package: lscape 2000/10/22 v3.01 Landscape Pages (DPC)

(/usr/share/texlive/texmf-dist/tex/latex/graphics/graphics.sty
Package: graphics 2009/02/05 v1.0o Standard LaTeX Graphics (DPC,SPQR)

(/usr/share/texlive/texmf-dist/tex/latex/graphics/trig.sty
Package: trig 1999/03/16 v1.09 sin cos tan (DPC)
)
(/usr/share/texlive/texmf-dist/tex/latex/latexconfig/graphics.cfg
File: graphics.cfg 2010/04/23 v1.9 graphics configuration of TeX Live
)
Package graphics Info: Driver file: pdftex.def on input line 91.

(/usr/share/texlive/texmf-dist/tex/latex/pdftex-def/pdftex.def
File: pdftex.def 2011/05/27 v0.06d Graphics/color for pdfTeX

(/usr/share/texlive/texmf-dist/tex/generic/oberdiek/infwarerr.sty
Package: infwarerr 2010/04/08 v1.3 Providing info/warning/error messages (HO)
)
(/usr/share/texlive/texmf-dist/tex/generic/oberdiek/ltxcmds.sty
Package: ltxcmds 2011/11/09 v1.22 LaTeX kernel commands for general use (HO)
)
\Gread@gobject=\count117
)))
(/usr/share/texlive/texmf-dist/tex/latex/caption/caption.sty
Package: caption 2013/02/03 v3.3-65 Customizing captions (AR)

(/usr/share/texlive/texmf-dist/tex/latex/caption/caption3.sty
Package: caption3 2013/02/03 v1.5-62 caption3 kernel (AR)
\captionmargin=\dimen132
\captionmargin@=\dimen133
\captionwidth=\dimen134
\caption@tempdima=\dimen135
\caption@indent=\dimen136
\caption@parindent=\dimen137
\caption@hangindent=\dimen138
)
Package caption Info: KOMA-Script document class.
\c@ContinuedFloat=\count118
Package caption Info: longtable package is loaded.

(/usr/share/texlive/texmf-dist/tex/latex/caption/ltcaption.sty
Package: ltcaption 2013/02/03 v1.3-62 longtable captions (AR)
))
(/usr/share/texlive/texmf-dist/tex/latex/hyperref/hyperref.sty
Package: hyperref 2012/11/06 v6.83m Hypertext links for LaTeX

(/usr/share/texlive/texmf-dist/tex/generic/oberdiek/hobsub-hyperref.sty
Package: hobsub-hyperref 2012/05/28 v1.13 Bundle oberdiek, subset hyperref (HO)


(/usr/share/texlive/texmf-dist/tex/generic/oberdiek/hobsub-generic.sty
Package: hobsub-generic 2012/05/28 v1.13 Bundle oberdiek, subset generic (HO)
Package: hobsub 2012/05/28 v1.13 Construct package bundles (HO)
Package hobsub Info: Skipping package `infwarerr' (already loaded).
Package hobsub Info: Skipping package `ltxcmds' (already loaded).
Package: ifluatex 2010/03/01 v1.3 Provides the ifluatex switch (HO)
Package ifluatex Info: LuaTeX not detected.
Package: ifvtex 2010/03/01 v1.5 Detect VTeX and its facilities (HO)
Package ifvtex Info: VTeX not detected.
Package: intcalc 2007/09/27 v1.1 Expandable calculations with integers (HO)
Package: ifpdf 2011/01/30 v2.3 Provides the ifpdf switch (HO)
Package ifpdf Info: pdfTeX in PDF mode is detected.
Package: etexcmds 2011/02/16 v1.5 Avoid name clashes with e-TeX commands (HO)
Package etexcmds Info: Could not find \expanded.
(etexcmds)             That can mean that you are not using pdfTeX 1.50 or
(etexcmds)             that some package has redefined \expanded.
(etexcmds)             In the latter case, load this package earlier.
Package: kvsetkeys 2012/04/25 v1.16 Key value parser (HO)
Package: kvdefinekeys 2011/04/07 v1.3 Define keys (HO)
Package: pdftexcmds 2011/11/29 v0.20 Utility functions of pdfTeX for LuaTeX (HO
)
Package pdftexcmds Info: LuaTeX not detected.
Package pdftexcmds Info: \pdf@primitive is available.
Package pdftexcmds Info: \pdf@ifprimitive is available.
Package pdftexcmds Info: \pdfdraftmode found.
Package: pdfescape 2011/11/25 v1.13 Implements pdfTeX's escape features (HO)
Package: bigintcalc 2012/04/08 v1.3 Expandable calculations on big integers (HO
)
Package: bitset 2011/01/30 v1.1 Handle bit-vector datatype (HO)
Package: uniquecounter 2011/01/30 v1.2 Provide unlimited unique counter (HO)
)
Package hobsub Info: Skipping package `hobsub' (already loaded).
Package: letltxmacro 2010/09/02 v1.4 Let assignment for LaTeX macros (HO)
Package: hopatch 2012/05/28 v1.2 Wrapper for package hooks (HO)
Package: xcolor-patch 2011/01/30 xcolor patch
Package: atveryend 2011/06/30 v1.8 Hooks at the very end of document (HO)
Package atveryend Info: \enddocument detected (standard20110627).
Package: atbegshi 2011/10/05 v1.16 At begin shipout hook (HO)
Package: refcount 2011/10/16 v3.4 Data extraction from label references (HO)
Package: hycolor 2011/01/30 v1.7 Color options for hyperref/bookmark (HO)
)
(/usr/share/texlive/texmf-dist/tex/generic/ifxetex/ifxetex.sty
Package: ifxetex 2010/09/12 v0.6 Provides ifxetex conditional
)
(/usr/share/texlive/texmf-dist/tex/latex/oberdiek/auxhook.sty
Package: auxhook 2011/03/04 v1.3 Hooks for auxiliary files (HO)
)
(/usr/share/texlive/texmf-dist/tex/latex/oberdiek/kvoptions.sty
Package: kvoptions 2011/06/30 v3.11 Key value format for package options (HO)
)
\@linkdim=\dimen139
\Hy@linkcounter=\count119
\Hy@pagecounter=\count120

(/usr/share/texlive/texmf-dist/tex/latex/hyperref/pd1enc.def
File: pd1enc.def 2012/11/06 v6.83m Hyperref: PDFDocEncoding definition (HO)
)
\Hy@SavedSpaceFactor=\count121

(/usr/share/texlive/texmf-dist/tex/latex/latexconfig/hyperref.cfg
File: hyperref.cfg 2002/06/06 v1.2 hyperref configuration of TeXLive
)
Package hyperref Info: Option `breaklinks' set `true' on input line 4319.
Package hyperref Info: Option `bookmarksopen' set `true' on input line 4319.
Package hyperref Info: Option `bookmarksnumbered' set `true' on input line 4319
.
Package hyperref Info: Hyper figures OFF on input line 4443.
Package hyperref Info: Link nesting OFF on input line 4448.
Package hyperref Info: Hyper index ON on input line 4451.
Package hyperref Info: Plain pages OFF on input line 4458.
Package hyperref Info: Backreferencing OFF on input line 4463.
Package hyperref Info: Implicit mode ON; LaTeX internals redefined.
Package hyperref Info: Bookmarks ON on input line 4688.
\c@Hy@tempcnt=\count122

(/usr/share/texlive/texmf-dist/tex/latex/url/url.sty
\Urlmuskip=\muskip11
Package: url 2006/04/12  ver 3.3  Verb mode for urls, etc.
)
LaTeX Info: Redefining \url on input line 5041.
\XeTeXLinkMargin=\dimen140
\Fld@menulength=\count123
\Field@Width=\dimen141
\Fld@charsize=\dimen142
Package hyperref Info: Hyper figures OFF on input line 6295.
Package hyperref Info: Link nesting OFF on input line 6300.
Package hyperref Info: Hyper index ON on input line 6303.
Package hyperref Info: backreferencing OFF on input line 6310.
Package hyperref Info: Link coloring OFF on input line 6315.
Package hyperref Info: Link coloring with OCG OFF on input line 6320.
Package hyperref Info: PDF/A mode OFF on input line 6325.
LaTeX Info: Redefining \ref on input line 6365.
LaTeX Info: Redefining \pageref on input line 6369.
\Hy@abspage=\count124
\c@Item=\count125
\c@Hfootnote=\count126
)

Package hyperref Message: Driver (autodetected): hpdftex.

(/usr/share/texlive/texmf-dist/tex/latex/hyperref/hpdftex.def
File: hpdftex.def 2012/11/06 v6.83m Hyperref driver for pdfTeX
\Fld@listcount=\count127
\c@bookmark@seq@number=\count128

(/usr/share/texlive/texmf-dist/tex/latex/oberdiek/rerunfilecheck.sty
Package: rerunfilecheck 2011/04/15 v1.7 Rerun checks for auxiliary files (HO)
Package uniquecounter Info: New unique counter `rerunfilecheck' on input line 2
82.
)
\Hy@SectionHShift=\skip64
)

LaTeX Warning: Unused global option(s):
    [pagesize,aas_macros].

(./bthesis_astro.aux (./instructions_source.aux))
\openout1 = `bthesis_astro.aux'.

LaTeX Font Info:    Checking defaults for OML/cmm/m/it on input line 94.
LaTeX Font Info:    ... okay on input line 94.
LaTeX Font Info:    Checking defaults for T1/cmr/m/n on input line 94.
LaTeX Font Info:    ... okay on input line 94.
LaTeX Font Info:    Checking defaults for OT1/cmr/m/n on input line 94.
LaTeX Font Info:    ... okay on input line 94.
LaTeX Font Info:    Checking defaults for OMS/cmsy/m/n on input line 94.
LaTeX Font Info:    ... okay on input line 94.
LaTeX Font Info:    Checking defaults for OMX/cmex/m/n on input line 94.
LaTeX Font Info:    ... okay on input line 94.
LaTeX Font Info:    Checking defaults for U/cmr/m/n on input line 94.
LaTeX Font Info:    ... okay on input line 94.
LaTeX Font Info:    Checking defaults for TS1/cmr/m/n on input line 94.
LaTeX Font Info:    Try loading font information for TS1+cmr on input line 94.

(/usr/share/texlive/texmf-dist/tex/latex/base/ts1cmr.fd
File: ts1cmr.fd 1999/05/25 v2.5h Standard LaTeX font definitions
)
LaTeX Font Info:    ... okay on input line 94.
LaTeX Font Info:    Checking defaults for PD1/pdf/m/n on input line 94.
LaTeX Font Info:    ... okay on input line 94.
LaTeX Font Info:    Try loading font information for T1+lmr on input line 94.

(/usr/share/texlive/texmf-dist/tex/latex/lm/t1lmr.fd
File: t1lmr.fd 2009/10/30 v1.6 Font defs for Latin Modern
)
(/usr/share/texlive/texmf-dist/tex/latex/graphics/graphicx.sty
Package: graphicx 1999/02/16 v1.0f Enhanced LaTeX Graphics (DPC,SPQR)
\Gin@req@height=\dimen143
\Gin@req@width=\dimen144
)
(./datenumber.sty
Package: datenumber 2001/08/06v0.02
 (./datenumberUSenglish.ldf
File: datenumberUSenglish.ldf 
) (./datenumberenglish.ldf
File: datenumberenglish.ldf 
)
(./datenumbergerman.ldf
File: datenumbergerman.ldf 
)
\c@@dayscnt=\count129
\c@@startyear=\count130
\c@datenumber=\count131
\c@dateyear=\count132
\c@datemonth=\count133
\c@dateday=\count134
\c@datedayname=\count135
\@nom=\count136
\@den=\count137
)
\symgns@font=\mathgroup6
LaTeX Font Info:    Overwriting symbol font `gns@font' in version `bold'
(Font)                  TS1/lmr/m/n --> TS1/lmr/bx/n on input line 94.
Package gensymb Info: Math companion symbols declared on input line 94.
LaTeX Info: Redefining \degree on input line 94.
LaTeX Info: Redefining \celsius on input line 94.
Package gensymb Info: Using text companion symbols for \degree, \celsius and \p
erthousand on input line 94.
LaTeX Info: Redefining \ohm on input line 94.
Package gensymb Info: Using \textohm for \ohm on input line 94.
Package gensymb Info: Using \textmu for \micro on input line 94.

(/usr/share/texlive/texmf-dist/tex/context/base/supp-pdf.mkii
[Loading MPS to PDF converter (version 2006.09.02).]
\scratchcounter=\count138
\scratchdimen=\dimen145
\scratchbox=\box33
\nofMPsegments=\count139
\nofMParguments=\count140
\everyMPshowfont=\toks24
\MPscratchCnt=\count141
\MPscratchDim=\dimen146
\MPnumerator=\count142
\makeMPintoPDFobject=\count143
\everyMPtoPDFconversion=\toks25
) (/usr/share/texlive/texmf-dist/tex/latex/oberdiek/epstopdf-base.sty
Package: epstopdf-base 2010/02/09 v2.5 Base part for package epstopdf

(/usr/share/texlive/texmf-dist/tex/latex/oberdiek/grfext.sty
Package: grfext 2010/08/19 v1.1 Manage graphics extensions (HO)
)
Package grfext Info: Graphics extension search list:
(grfext)             [.png,.pdf,.jpg,.mps,.jpeg,.jbig2,.jb2,.PNG,.PDF,.JPG,.JPE
G,.JBIG2,.JB2,.eps]
(grfext)             \AppendGraphicsExtensions on input line 452.

(/usr/share/texlive/texmf-dist/tex/latex/latexconfig/epstopdf-sys.cfg
File: epstopdf-sys.cfg 2010/07/13 v1.3 Configuration of (r)epstopdf for TeX Liv
e
))
Package caption Info: Begin \AtBeginDocument code.
Package caption Info: hyperref package is loaded.
Package caption Info: End \AtBeginDocument code.
\AtBeginShipoutBox=\box34
Package hyperref Info: Link coloring OFF on input line 94.

(/usr/share/texlive/texmf-dist/tex/latex/hyperref/nameref.sty
Package: nameref 2012/10/27 v2.43 Cross-referencing by name of section

(/usr/share/texlive/texmf-dist/tex/generic/oberdiek/gettitlestring.sty
Package: gettitlestring 2010/12/03 v1.4 Cleanup title references (HO)
)
\c@section@level=\count144
)
LaTeX Info: Redefining \ref on input line 94.
LaTeX Info: Redefining \pageref on input line 94.
LaTeX Info: Redefining \nameref on input line 94.

(./bthesis_astro.out) (./bthesis_astro.out)
\@outlinefile=\write3
\openout3 = `bthesis_astro.out'.



Package hyperref Warning: Token not allowed in a PDF string (PDFDocEncoding):
(hyperref)                removing `math shift' on input line 117.


Package hyperref Warning: Token not allowed in a PDF string (PDFDocEncoding):
(hyperref)                removing `subscript' on input line 117.


Package hyperref Warning: Token not allowed in a PDF string (PDFDocEncoding):
(hyperref)                removing `math shift' on input line 117.


<figures/Logo_Uni_Goett_1200dpi_cmyk.JPG, id=192, 8340.15875pt x 1574.88374pt>
File: figures/Logo_Uni_Goett_1200dpi_cmyk.JPG Graphic file (type jpg)

<use figures/Logo_Uni_Goett_1200dpi_cmyk.JPG>
Package pdftex.def Info: figures/Logo_Uni_Goett_1200dpi_cmyk.JPG used on input 
line 118.
(pdftex.def)             Requested size: 226.0145pt x 42.67912pt.

<figures/IAG_LogoRGB.jpg, id=193, 1337.99875pt x 522.95375pt>
File: figures/IAG_LogoRGB.jpg Graphic file (type jpg)

<use figures/IAG_LogoRGB.jpg>
Package pdftex.def Info: figures/IAG_LogoRGB.jpg used on input line 118.
(pdftex.def)             Requested size: 109.18578pt x 42.67912pt.
LaTeX Font Info:    Try loading font information for T1+lmss on input line 118.


(/usr/share/texlive/texmf-dist/tex/latex/lm/t1lmss.fd
File: t1lmss.fd 2009/10/30 v1.6 Font defs for Latin Modern
)
LaTeX Font Info:    Try loading font information for OT1+lmr on input line 118.


(/usr/share/texlive/texmf-dist/tex/latex/lm/ot1lmr.fd
File: ot1lmr.fd 2009/10/30 v1.6 Font defs for Latin Modern
)
LaTeX Font Info:    Try loading font information for OML+lmm on input line 118.


(/usr/share/texlive/texmf-dist/tex/latex/lm/omllmm.fd
File: omllmm.fd 2009/10/30 v1.6 Font defs for Latin Modern
)
LaTeX Font Info:    Try loading font information for OMS+lmsy on input line 118
.

(/usr/share/texlive/texmf-dist/tex/latex/lm/omslmsy.fd
File: omslmsy.fd 2009/10/30 v1.6 Font defs for Latin Modern
)
LaTeX Font Info:    Try loading font information for OMX+lmex on input line 118
.

(/usr/share/texlive/texmf-dist/tex/latex/lm/omxlmex.fd
File: omxlmex.fd 2009/10/30 v1.6 Font defs for Latin Modern
)
LaTeX Font Info:    External font `lmex10' loaded for size
(Font)              <20.74> on input line 118.
LaTeX Font Info:    External font `lmex10' loaded for size
(Font)              <14.4> on input line 118.
LaTeX Font Info:    External font `lmex10' loaded for size
(Font)              <12> on input line 118.
LaTeX Font Info:    Try loading font information for U+msa on input line 118.

(/usr/share/texlive/texmf-dist/tex/latex/amsfonts/umsa.fd
File: umsa.fd 2013/01/14 v3.01 AMS symbols A
)
LaTeX Font Info:    Try loading font information for U+msb on input line 118.

(/usr/share/texlive/texmf-dist/tex/latex/amsfonts/umsb.fd
File: umsb.fd 2013/01/14 v3.01 AMS symbols B
)
LaTeX Font Info:    Try loading font information for TS1+lmr on input line 118.


(/usr/share/texlive/texmf-dist/tex/latex/lm/ts1lmr.fd
File: ts1lmr.fd 2009/10/30 v1.6 Font defs for Latin Modern
)
LaTeX Font Info:    External font `lmex10' loaded for size
(Font)              <8> on input line 118.
LaTeX Font Info:    External font `lmex10' loaded for size
(Font)              <6> on input line 118.

Overfull \hbox (7.8392pt too wide) in paragraph at lines 118--118
[]|\T1/lmr/bx/n/12 Zweitgutachter/in:| 
 []


Overfull \hbox (2.61105pt too wide) in paragraph at lines 118--118
[] [][][][] 
 []

[1





{/usr/share/texlive/texmf/fonts/map/pdftex/updmap/pdftex.map} <./figures/Logo_U
ni_Goett_1200dpi_cmyk.JPG> <./figures/IAG_LogoRGB.jpg>] [2


] [3] [4


]
(./bthesis_astro.toc [5


])
\tf@toc=\write4
\openout4 = `bthesis_astro.toc'.

 [6]
Underfull \vbox (badness 10000) has occurred while \output is active []

 [7




]
[8


]
Kapitel 1.
[1


] <./img/gas-cell.png, id=307, 1204.5pt x 803.803pt>
File: ./img/gas-cell.png Graphic file (type png)

<use ./img/gas-cell.png>
Package pdftex.def Info: ./img/gas-cell.png used on input line 243.
(pdftex.def)             Requested size: 426.7914pt x 284.81853pt.


LaTeX Warning: `!h' float specifier changed to `!ht'.

<./img/diag_heatloss.png, id=309, 1632.0975pt x 815.045pt>
File: ./img/diag_heatloss.png Graphic file (type png)

<use ./img/diag_heatloss.png>
Package pdftex.def Info: ./img/diag_heatloss.png used on input line 264.
(pdftex.def)             Requested size: 426.7914pt x 213.12547pt.


LaTeX Warning: `!h' float specifier changed to `!ht'.

<./img/cell_heating_idea.png, id=310, 853.589pt x 480.194pt>
File: ./img/cell_heating_idea.png Graphic file (type png)

<use ./img/cell_heating_idea.png>
Package pdftex.def Info: ./img/cell_heating_idea.png used on input line 276.
(pdftex.def)             Requested size: 426.7914pt x 240.0964pt.
 [2]

LaTeX Warning: `!h' float specifier changed to `!ht'.

<./img/temperature_plot_2.png, id=315, 578.16pt x 433.62pt>
File: ./img/temperature_plot_2.png Graphic file (type png)

<use ./img/temperature_plot_2.png>
Package pdftex.def Info: ./img/temperature_plot_2.png used on input line 287.
(pdftex.def)             Requested size: 426.7914pt x 320.09303pt.


LaTeX Warning: `!h' float specifier changed to `!ht'.

<./img/experiment-V_012.png, id=318, 578.16pt x 433.62pt>
File: ./img/experiment-V_012.png Graphic file (type png)

<use ./img/experiment-V_012.png>
Package pdftex.def Info: ./img/experiment-V_012.png used on input line 308.
(pdftex.def)             Requested size: 426.7914pt x 320.09303pt.
 [3 <./img/gas-cell.png>]
Underfull \vbox (badness 3657) has occurred while \output is active []

 [4 <./img/diag_heatloss.png> <./img/cell_heating_idea.png>]

LaTeX Warning: `!h' float specifier changed to `!ht'.


Underfull \vbox (badness 3646) has occurred while \output is active []

 [5 <./img/temperature_plot_2.png>] [6 <./img/experiment-V_012.png>]
Kapitel 2.
<./img/optical_setup_idea.jpg, id=352, 1593.152pt x 896.148pt>
File: ./img/optical_setup_idea.jpg Graphic file (type jpg)

<use ./img/optical_setup_idea.jpg>
Package pdftex.def Info: ./img/optical_setup_idea.jpg used on input line 341.
(pdftex.def)             Requested size: 426.7914pt x 240.06248pt.
 [7


]
<./img/thebox_design_appended.png, id=362, 1541.76pt x 578.16pt>
File: ./img/thebox_design_appended.png Graphic file (type png)

<use ./img/thebox_design_appended.png>
Package pdftex.def Info: ./img/thebox_design_appended.png used on input line 35
7.
(pdftex.def)             Requested size: 426.7914pt x 160.03989pt.


LaTeX Warning: `!h' float specifier changed to `!ht'.

<./img/thebox.png, id=363, 1165.956pt x 971.63pt>
File: ./img/thebox.png Graphic file (type png)
 <use ./img/thebox.png>
Package pdftex.def Info: ./img/thebox.png used on input line 367.
(pdftex.def)             Requested size: 426.7914pt x 355.65758pt.


LaTeX Warning: `!h' float specifier changed to `!ht'.

<./img/thebox-hot-air-port.JPG, id=364, 3790.16pt x 2529.45pt>
File: ./img/thebox-hot-air-port.JPG Graphic file (type jpg)

<use ./img/thebox-hot-air-port.JPG>
Package pdftex.def Info: ./img/thebox-hot-air-port.JPG used on input line 377.
(pdftex.def)             Requested size: 426.7914pt x 284.80173pt.


LaTeX Warning: `!h' float specifier changed to `!ht'.

<./img/thebox_interior.png, id=367, 1464.672pt x 958.3805pt>
File: ./img/thebox_interior.png Graphic file (type png)

<use ./img/thebox_interior.png>
Package pdftex.def Info: ./img/thebox_interior.png used on input line 387.
(pdftex.def)             Requested size: 426.7914pt x 279.25398pt.


LaTeX Warning: `!h' float specifier changed to `!ht'.

<./img/schema1.png, id=372, 683.6742pt x 382.7901pt>
File: ./img/schema1.png Graphic file (type png)
 <use ./img/schema1.png>
Package pdftex.def Info: ./img/schema1.png used on input line 401.
(pdftex.def)             Requested size: 426.7914pt x 238.96284pt.


LaTeX Warning: `!h' float specifier changed to `!ht'.

<./img/schema2.png, id=373, 463.9734pt x 259.6902pt>
File: ./img/schema2.png Graphic file (type png)
 <use ./img/schema2.png>
Package pdftex.def Info: ./img/schema2.png used on input line 411.
(pdftex.def)             Requested size: 426.7914pt x 238.87823pt.


LaTeX Warning: `!h' float specifier changed to `!ht'.

<./img/board_top.png, id=374, 296.307pt x 166.7028pt>
File: ./img/board_top.png Graphic file (type png)

<use ./img/board_top.png>
Package pdftex.def Info: ./img/board_top.png used on input line 421.
(pdftex.def)             Requested size: 426.7914pt x 240.13322pt.


LaTeX Warning: `!h' float specifier changed to `!ht'.

<./img/board_bottom.png, id=375, 296.307pt x 166.7028pt>
File: ./img/board_bottom.png Graphic file (type png)

<use ./img/board_bottom.png>
Package pdftex.def Info: ./img/board_bottom.png used on input line 429.
(pdftex.def)             Requested size: 426.7914pt x 240.13322pt.


LaTeX Warning: `!h' float specifier changed to `!ht'.

<./img/layout.png, id=376, 296.307pt x 166.7028pt>
File: ./img/layout.png Graphic file (type png)
 <use ./img/layout.png>
Package pdftex.def Info: ./img/layout.png used on input line 439.
(pdftex.def)             Requested size: 426.7914pt x 240.13322pt.


LaTeX Warning: `!h' float specifier changed to `!ht'.

<./img/diag_hardware.png, id=377, 1590.94376pt x 1530.71875pt>
File: ./img/diag_hardware.png Graphic file (type png)

<use ./img/diag_hardware.png>
Package pdftex.def Info: ./img/diag_hardware.png used on input line 455.
(pdftex.def)             Requested size: 384.10965pt x 369.5522pt.

Underfull \vbox (badness 10000) has occurred while \output is active []

 [8 <./img/optical_setup_idea.jpg>]

LaTeX Warning: `!h' float specifier changed to `!ht'.


Underfull \vbox (badness 10000) has occurred while \output is active []

 [9 <./img/thebox_design_appended.png>]
Underfull \vbox (badness 10000) has occurred while \output is active []

 [10 <./img/thebox.png>]
Overfull \vbox (85.6035pt too high) has occurred while \output is active []


[11 <./img/thebox-hot-air-port.JPG>]
<./img/diag_software.png, id=405, 1590.94376pt x 1631.09375pt>
File: ./img/diag_software.png Graphic file (type png)

<use ./img/diag_software.png>
Package pdftex.def Info: ./img/diag_software.png used on input line 475.
(pdftex.def)             Requested size: 384.10965pt x 393.78513pt.


LaTeX Warning: `!h' float specifier changed to `!ht'.

[12 <./img/thebox_interior.png>] [13 <./img/schema1.png> <./img/schema2.png>]
[14 <./img/board_top.png (PNG copy)> <./img/board_bottom.png (PNG copy)>]
[15 <./img/layout.png>] [16 <./img/diag_hardware.png>] [17 <./img/diag_software
.png>] [18


]
Kapitel 3.
<./img/duty_cycle_example.JPG, id=445, 3982.88pt x 2240.37pt>
File: ./img/duty_cycle_example.JPG Graphic file (type jpg)

<use ./img/duty_cycle_example.JPG>
Package pdftex.def Info: ./img/duty_cycle_example.JPG used on input line 492.
(pdftex.def)             Requested size: 213.39569pt x 120.0244pt.

<./img/electronics-assembled.JPG, id=446, 3661.68pt x 2746.26pt>
File: ./img/electronics-assembled.JPG Graphic file (type jpg)

<use ./img/electronics-assembled.JPG>
Package pdftex.def Info: ./img/electronics-assembled.JPG used on input line 500
.
(pdftex.def)             Requested size: 213.39569pt x 160.03328pt.

<./img/electronics_control.png, id=447, 1408.462pt x 582.978pt>
File: ./img/electronics_control.png Graphic file (type png)

<use ./img/electronics_control.png>
Package pdftex.def Info: ./img/electronics_control.png used on input line 508.
(pdftex.def)             Requested size: 213.39569pt x 88.32358pt.


LaTeX Warning: `!h' float specifier changed to `!ht'.

<./img/electronics-top-view.JPG, id=448, 3982.88pt x 2240.37pt>
File: ./img/electronics-top-view.JPG Graphic file (type jpg)

<use ./img/electronics-top-view.JPG>
Package pdftex.def Info: ./img/electronics-top-view.JPG used on input line 516.

(pdftex.def)             Requested size: 213.39569pt x 120.0244pt.


LaTeX Warning: `!h' float specifier changed to `!ht'.

<./img/electrononics-apart.JPG, id=449, 3790.16pt x 2529.45pt>
File: ./img/electrononics-apart.JPG Graphic file (type jpg)

<use ./img/electrononics-apart.JPG>
Package pdftex.def Info: ./img/electrononics-apart.JPG used on input line 524.
(pdftex.def)             Requested size: 213.39569pt x 142.38156pt.


LaTeX Warning: `!h' float specifier changed to `!ht'.

<./img/fts.JPG, id=450, 3790.16pt x 2529.45pt>
File: ./img/fts.JPG Graphic file (type jpg)
 <use ./img/fts.JPG>
Package pdftex.def Info: ./img/fts.JPG used on input line 533.
(pdftex.def)             Requested size: 213.39569pt x 142.38156pt.


LaTeX Warning: `!h' float specifier changed to `!ht'.

<./img/line_detection0.png, id=451, 578.16pt x 433.62pt>
File: ./img/line_detection0.png Graphic file (type png)

<use ./img/line_detection0.png>
Package pdftex.def Info: ./img/line_detection0.png used on input line 541.
(pdftex.def)             Requested size: 213.39569pt x 160.04651pt.


LaTeX Warning: `!h' float specifier changed to `!ht'.

<./img/peltier_test.JPG, id=452, 3790.16pt x 2529.45pt>
File: ./img/peltier_test.JPG Graphic file (type jpg)

<use ./img/peltier_test.JPG>
Package pdftex.def Info: ./img/peltier_test.JPG used on input line 551.
(pdftex.def)             Requested size: 213.39569pt x 142.38156pt.


LaTeX Warning: `!h' float specifier changed to `!ht'.

<./img/thebox-casing-angle.JPG, id=453, 3661.68pt x 2746.26pt>
File: ./img/thebox-casing-angle.JPG Graphic file (type jpg)

<use ./img/thebox-casing-angle.JPG>
Package pdftex.def Info: ./img/thebox-casing-angle.JPG used on input line 559.
(pdftex.def)             Requested size: 213.39569pt x 160.03328pt.


LaTeX Warning: `!h' float specifier changed to `!ht'.

<./img/thebox-casing-connections.JPG, id=454, 3661.68pt x 2746.26pt>
File: ./img/thebox-casing-connections.JPG Graphic file (type jpg)

<use ./img/thebox-casing-connections.JPG>
Package pdftex.def Info: ./img/thebox-casing-connections.JPG used on input line
 567.
(pdftex.def)             Requested size: 213.39569pt x 160.03328pt.


LaTeX Warning: `!h' float specifier changed to `!ht'.

<./img/thebox-casing-front.JPG, id=455, 2746.26pt x 2746.26pt>
File: ./img/thebox-casing-front.JPG Graphic file (type jpg)

<use ./img/thebox-casing-front.JPG>
Package pdftex.def Info: ./img/thebox-casing-front.JPG used on input line 575.
(pdftex.def)             Requested size: 213.39569pt x 213.3777pt.


LaTeX Warning: `!h' float specifier changed to `!ht'.

[19 <./img/duty_cycle_example.JPG> <./img/electronics-assembled.JPG>] [20 <./im
g/electronics_control.png> <./img/electronics-top-view.JPG> <./img/electrononic
s-apart.JPG>]
Underfull \vbox (badness 10000) has occurred while \output is active []

 [21 <./img/fts.JPG> <./img/line_detection0.png> <./img/peltier_test.JPG>]
Underfull \vbox (badness 10000) has occurred while \output is active []

 [22 <./img/thebox-casing-angle.JPG> <./img/thebox-casing-connections.JPG>] [23
 <./img/thebox-casing-front.JPG>]
File: ./img/line_detection0.png Graphic file (type png)
 <use ./img/line_detection0.png>
Package pdftex.def Info: ./img/line_detection0.png used on input line 662.
(pdftex.def)             Requested size: 426.7914pt x 320.09303pt.
 [24] [25] [26


]
Kapitel 4.
[27] [28


]
Kapitel 5.
[29] [30


]
Anhang A.
[31]
\openout2 = `instructions_source.aux'.

 (./instructions_source.tex
LaTeX Font Info:    Try loading font information for T1+lmtt on input line 16.

(/usr/share/texlive/texmf-dist/tex/latex/lm/t1lmtt.fd
File: t1lmtt.fd 2009/10/30 v1.6 Font defs for Latin Modern
)
Underfull \hbox (badness 10000) in paragraph at lines 36--38

 []

[32

]
Underfull \hbox (badness 10000) in paragraph at lines 54--67

 []

[33]
Overfull \hbox (3.95149pt too wide) in paragraph at lines 91--91
 []\T1/lmtt/m/n/12 Nmap done: 256 IP addresses (32 hosts up) scanned in 3.23 se
conds[] 
 []


Underfull \hbox (badness 10000) in paragraph at lines 104--107

 []


Package pdftex.def Warning: Option `bb' does not make sense,
(pdftex.def)                using `viewport' instead on input line 110.

<./img/a1-raspi-config-0.png, id=540, 726.715pt x 487.8225pt>
File: ./img/a1-raspi-config-0.png Graphic file (type png)

<use ./img/a1-raspi-config-0.png>
Package pdftex.def Info: ./img/a1-raspi-config-0.png used on input line 110.
(pdftex.def)             Requested size: 298.75267pt x 200.54494pt.


LaTeX Warning: `!h' float specifier changed to `!ht'.


Package pdftex.def Warning: Option `bb' does not make sense,
(pdftex.def)                using `viewport' instead on input line 122.

<./img/a1-raspi-config-advanced.png, id=541, 726.715pt x 487.8225pt>
File: ./img/a1-raspi-config-advanced.png Graphic file (type png)

<use ./img/a1-raspi-config-advanced.png>
Package pdftex.def Info: ./img/a1-raspi-config-advanced.png used on input line 
122.
(pdftex.def)             Requested size: 298.75267pt x 200.54494pt.
 [34] [35 <./img/a1-raspi-config-0.png> <./img/a1-raspi-config-advanced.png>]

Package pdftex.def Warning: Option `bb' does not make sense,
(pdftex.def)                using `viewport' instead on input line 161.

<./img/a1-raspi-config-hostname.png, id=559, 726.715pt x 487.8225pt>
File: ./img/a1-raspi-config-hostname.png Graphic file (type png)

<use ./img/a1-raspi-config-hostname.png>
Package pdftex.def Info: ./img/a1-raspi-config-hostname.png used on input line 
161.
(pdftex.def)             Requested size: 298.75267pt x 200.54494pt.


LaTeX Warning: `!h' float specifier changed to `!ht'.


Underfull \hbox (badness 10000) in paragraph at lines 168--171

 []

[36]
Underfull \vbox (badness 10000) has occurred while \output is active []

 [37 <./img/a1-raspi-config-hostname.png>]
<./img/a1-ssh-keygen.png, id=573, 726.715pt x 487.8225pt>
File: ./img/a1-ssh-keygen.png Graphic file (type png)

<use ./img/a1-ssh-keygen.png>
Package pdftex.def Info: ./img/a1-ssh-keygen.png used on input line 224.
(pdftex.def)             Requested size: 298.75267pt x 200.54445pt.


LaTeX Warning: `!h' float specifier changed to `!ht'.

[38]
Underfull \hbox (badness 10000) in paragraph at lines 244--248

 []


Overfull \hbox (10.1335pt too wide) in paragraph at lines 249--252
[]     \T1/lmtt/m/n/12 > sudo apt-get install python-dev python-numpy python-sc
ipy \ 
 []


Underfull \hbox (badness 10000) in paragraph at lines 249--252

 []

[39 <./img/a1-ssh-keygen.png>]
Underfull \hbox (badness 10000) in paragraph at lines 252--256

 []


Overfull \hbox (10.1335pt too wide) in paragraph at lines 256--260
[]     \T1/lmtt/m/n/12 > sudo apt-get install mysql-server mysql-client php5-my
sql \ 
 []

<./img/a1-mysql.png, id=592, 726.715pt x 487.8225pt>
File: ./img/a1-mysql.png Graphic file (type png)
 <use ./img/a1-mysql.png>
Package pdftex.def Info: ./img/a1-mysql.png used on input line 272.
(pdftex.def)             Requested size: 298.75267pt x 200.54445pt.


LaTeX Warning: `!h' float specifier changed to `!ht'.


Overfull \hbox (54.5082pt too wide) in paragraph at lines 282--282
 []\T1/lmtt/m/n/12 CREATE USER 'thebox'@'localhost' IDENTIFIED BY '<add passwor
d here>';[] 
 []


Overfull \hbox (54.5082pt too wide) in paragraph at lines 282--282
 []\T1/lmtt/m/n/12 CREATE USER 'vultur'@'localhost' IDENTIFIED BY '<add passwor
d here>';[] 
 []

[40] [41 <./img/a1-mysql.png>]
Overfull \hbox (5.10117pt too wide) in paragraph at lines 352--356
[]\T1/lmtt/m/n/12 wget http://downloads.arduino.cc/arduino-1.6.5-linux32.tar.xz
 
 []

[42]
Underfull \hbox (badness 10000) in paragraph at lines 361--379

 []


Overfull \hbox (39.3311pt too wide) in paragraph at lines 380--416
[]\T1/lmr/m/n/12 You will find a \T1/lmr/m/it/12 pdf \T1/lmr/m/n/12 doc-u-ment 
with in-struc-tions in Ger-man: []\T1/lmtt/m/n/12 Switchbox-USB-Linux.pdf 
 []


Overfull \hbox (59.52652pt too wide) in paragraph at lines 380--416
[]     \T1/lmtt/m/n/12 > sudo echo 'BUS=="usb", KERNEL=="hiddev[0-9]", NAME="us
b/hiddev%n",\ 
 []

[43]
Underfull \vbox (badness 10000) has occurred while \output is active []

 [44]
<./img/a1-i2cdetect.png, id=628, 726.715pt x 487.8225pt>
File: ./img/a1-i2cdetect.png Graphic file (type png)

<use ./img/a1-i2cdetect.png>
Package pdftex.def Info: ./img/a1-i2cdetect.png used on input line 433.
(pdftex.def)             Requested size: 298.75267pt x 200.54445pt.

Overfull \hbox (3.95149pt too wide) in paragraph at lines 439--445
[]     \T1/lmtt/m/n/12 > echo ds1307 0x68 > /sys/class/i2c-adapter/i2c-1/new_de
vice 
 []

[45 <./img/a1-i2cdetect.png>]
Underfull \hbox (badness 10000) in paragraph at lines 463--464

 []

<./img/a1-rc-local.png, id=635, 726.715pt x 487.8225pt>
File: ./img/a1-rc-local.png Graphic file (type png)

<use ./img/a1-rc-local.png>
Package pdftex.def Info: ./img/a1-rc-local.png used on input line 473.
(pdftex.def)             Requested size: 298.75267pt x 200.54445pt.


LaTeX Warning: `!h' float specifier changed to `!ht'.

[46]) [47 <./img/a1-rc-local.png>] [48



]
Anhang B.
[49] [50


] (./bthesis_astro.bbl (./babelbst.tex)) [51


] [52


] [53]
Package atveryend Info: Empty hook `BeforeClearDocument' on input line 705.
 [54

]
Package atveryend Info: Empty hook `AfterLastShipout' on input line 705.

(./bthesis_astro.aux (./instructions_source.aux))
Package atveryend Info: Executing hook `AtVeryEndDocument' on input line 705.
Package atveryend Info: Executing hook `AtEndAfterFileList' on input line 705.
Package rerunfilecheck Info: File `bthesis_astro.out' has not changed.
(rerunfilecheck)             Checksum: EB19DA52EDBB81B2E21A237CFE001A2E;3082.
Package atveryend Info: Empty hook `AtVeryVeryEnd' on input line 705.
 ) 
Here is how much of TeX's memory you used:
 11174 strings out of 494820
 169232 string characters out of 3178049
 274570 words of memory out of 3000000
 13897 multiletter control sequences out of 15000+200000
 68714 words of font info for 62 fonts, out of 3000000 for 9000
 198 hyphenation exceptions out of 8191
 41i,10n,46p,708b,653s stack positions out of 5000i,500n,10000p,200000b,50000s
{/usr/share/texlive/texmf-dist/fonts/enc/dvips/lm/lm-ec.enc}{/usr/share/texli
ve/texmf-dist/fonts/enc/dvips/lm/lm-mathsy.enc}{/usr/share/texlive/texmf-dist/f
onts/enc/dvips/lm/lm-rm.enc}{/usr/share/texlive/texmf-dist/fonts/enc/dvips/lm/l
m-ts1.enc}{/usr/share/texlive/texmf-dist/fonts/enc/dvips/lm/lm-mathit.enc}</usr
/share/texlive/texmf-dist/fonts/type1/public/lm/lmbx12.pfb></usr/share/texlive/
texmf-dist/fonts/type1/public/lm/lmcsc10.pfb></usr/share/texlive/texmf-dist/fon
ts/type1/public/lm/lmmi12.pfb></usr/share/texlive/texmf-dist/fonts/type1/public
/lm/lmr12.pfb></usr/share/texlive/texmf-dist/fonts/type1/public/lm/lmr6.pfb></u
sr/share/texlive/texmf-dist/fonts/type1/public/lm/lmr8.pfb></usr/share/texlive/
texmf-dist/fonts/type1/public/lm/lmri12.pfb></usr/share/texlive/texmf-dist/font
s/type1/public/lm/lmro12.pfb></usr/share/texlive/texmf-dist/fonts/type1/public/
lm/lmssbx10.pfb></usr/share/texlive/texmf-dist/fonts/type1/public/lm/lmsy10.pfb
></usr/share/texlive/texmf-dist/fonts/type1/public/lm/lmsy8.pfb></usr/share/tex
live/texmf-dist/fonts/type1/public/lm/lmtt12.pfb>
Output written on bthesis_astro.pdf (62 pages, 95244057 bytes).
PDF statistics:
 771 PDF objects out of 1000 (max. 8388607)
 629 compressed objects within 7 object streams
 197 named destinations out of 1000 (max. 500000)
 562 words of extra memory for PDF output out of 10000 (max. 10000000)

