\BOOKMARK [0][]{nom.0}{Nomenclature}{}% 1
\BOOKMARK [0][]{chapter.1}{1 Introduction}{}% 2
\BOOKMARK [1][]{section.1.1}{1.1 Motivation}{chapter.1}% 3
\BOOKMARK [1][]{section.1.2}{1.2 Concepts of Spectroscopy}{chapter.1}% 4
\BOOKMARK [2][]{subsection.1.2.1}{1.2.1 Absorption and Emission Lines}{section.1.2}% 5
\BOOKMARK [2][]{subsection.1.2.2}{1.2.2 Line Shapes}{section.1.2}% 6
\BOOKMARK [1][]{section.1.3}{1.3 Gas Cells}{chapter.1}% 7
\BOOKMARK [2][]{subsection.1.3.1}{1.3.1 Iodine}{section.1.3}% 8
\BOOKMARK [2][]{subsection.1.3.2}{1.3.2 Other Gases}{section.1.3}% 9
\BOOKMARK [2][]{subsection.1.3.3}{1.3.3 Cell Heating}{section.1.3}% 10
\BOOKMARK [0][]{chapter.2}{2 Experimental Design}{}% 11
\BOOKMARK [1][]{section.2.1}{2.1 Hardware}{chapter.2}% 12
\BOOKMARK [2][]{subsection.2.1.1}{2.1.1 Optical Setup}{section.2.1}% 13
\BOOKMARK [2][]{subsection.2.1.2}{2.1.2 TheBox}{section.2.1}% 14
\BOOKMARK [2][]{subsection.2.1.3}{2.1.3 Monitoring and Control}{section.2.1}% 15
\BOOKMARK [1][]{section.2.2}{2.2 Software}{chapter.2}% 16
\BOOKMARK [2][]{subsection.2.2.1}{2.2.1 GNU/Linux}{section.2.2}% 17
\BOOKMARK [2][]{subsection.2.2.2}{2.2.2 Python}{section.2.2}% 18
\BOOKMARK [2][]{subsection.2.2.3}{2.2.3 Arduino}{section.2.2}% 19
\BOOKMARK [2][]{subsection.2.2.4}{2.2.4 ZMQ}{section.2.2}% 20
\BOOKMARK [2][]{subsection.2.2.5}{2.2.5 LAMP}{section.2.2}% 21
\BOOKMARK [1][]{section.2.3}{2.3 Instrument}{chapter.2}% 22
\BOOKMARK [2][]{subsection.2.3.1}{2.3.1 Fourier Transform Spectrograph}{section.2.3}% 23
\BOOKMARK [0][]{chapter.3}{3 Experimental Results}{}% 24
\BOOKMARK [1][]{section.3.1}{3.1 Data Acquisition}{chapter.3}% 25
\BOOKMARK [2][]{subsection.3.1.1}{3.1.1 Dataset}{section.3.1}% 26
\BOOKMARK [1][]{section.3.2}{3.2 Data Analysis}{chapter.3}% 27
\BOOKMARK [1][]{section.3.3}{3.3 Results}{chapter.3}% 28
\BOOKMARK [0][]{chapter.4}{4 Future Work}{}% 29
\BOOKMARK [0][]{chapter.5}{5 Results}{}% 30
\BOOKMARK [0][]{chapter.6}{6 Discussion}{}% 31
\BOOKMARK [0][]{appendix.A}{A erster Anhang}{}% 32
\BOOKMARK [0][]{appendix.B}{B zweiter Anhang}{}% 33
